[0m11:02:25.767743 [debug] [MainThread]: Sending event: {'category': 'dbt', 'action': 'invocation', 'label': 'start', 'context': [<snowplow_tracker.self_describing_json.SelfDescribingJson object at 0x7f118214a8a0>, <snowplow_tracker.self_describing_json.SelfDescribingJson object at 0x7f1182149940>, <snowplow_tracker.self_describing_json.SelfDescribingJson object at 0x7f1183b2c470>]}


============================== 11:02:25.778130 | ad74748b-c425-47d7-9a66-0bc12a2f5701 ==============================
[0m11:02:25.778130 [info ] [MainThread]: Running with dbt=1.9.0
[0m11:02:25.779003 [debug] [MainThread]: running dbt with arguments {'printer_width': '80', 'indirect_selection': 'eager', 'log_cache_events': 'False', 'write_json': 'True', 'partial_parse': 'True', 'cache_selected_only': 'False', 'profiles_dir': '/root/.dbt', 'fail_fast': 'False', 'warn_error': 'None', 'log_path': 'logs', 'version_check': 'True', 'debug': 'False', 'use_colors': 'True', 'use_experimental_parser': 'False', 'no_print': 'None', 'quiet': 'False', 'empty': 'None', 'log_format': 'default', 'introspect': 'True', 'invocation_command': 'dbt init my_project', 'warn_error_options': 'WarnErrorOptions(include=[], exclude=[])', 'target_path': 'None', 'static_parser': 'True', 'send_anonymous_usage_stats': 'True'}
[0m11:02:25.830563 [warn ] [MainThread]: [ConfigFolderDirectory]: Unable to parse logging event dictionary. Failed to parse dir field: expected string or bytes-like object, got 'PosixPath'.. Dictionary: {'dir': PosixPath('/root/.dbt')}
[0m11:02:25.831325 [info ] [MainThread]: Creating dbt configuration folder at 
[0m11:02:25.834193 [debug] [MainThread]: Starter project path: /usr/local/lib/python3.12/site-packages/dbt/include/starter_project
[0m11:02:25.842918 [info ] [MainThread]: 
Your new dbt project "my_project" was created!

For more information on how to configure the profiles.yml file,
please consult the dbt documentation here:

  https://docs.getdbt.com/docs/configure-your-profile

One more thing:

Need help? Don't hesitate to reach out to us via GitHub issues or on Slack:

  https://community.getdbt.com/

Happy modeling!

[0m11:02:25.843745 [info ] [MainThread]: Setting up your profile.
[0m11:03:13.432384 [info ] [MainThread]: Profile my_project written to /root/.dbt/profiles.yml using target's profile_template.yml and your supplied values. Run 'dbt debug' to validate the connection.
[0m11:03:13.434797 [debug] [MainThread]: Resource report: {"command_name": "init", "command_success": true, "command_wall_clock_time": 47.770145, "process_in_blocks": "0", "process_kernel_time": 0.398332, "process_mem_max_rss": "92768", "process_out_blocks": "1544", "process_user_time": 1.729119}
[0m11:03:13.435707 [debug] [MainThread]: Command `dbt init` succeeded at 11:03:13.435465 after 47.77 seconds
[0m11:03:13.436271 [debug] [MainThread]: Sending event: {'category': 'dbt', 'action': 'invocation', 'label': 'end', 'context': [<snowplow_tracker.self_describing_json.SelfDescribingJson object at 0x7f11828237d0>, <snowplow_tracker.self_describing_json.SelfDescribingJson object at 0x7f1181fe2030>, <snowplow_tracker.self_describing_json.SelfDescribingJson object at 0x7f1181bbc290>]}
[0m11:03:13.436861 [debug] [MainThread]: Flushing usage events
[0m11:03:14.809085 [debug] [MainThread]: An error was encountered while trying to flush usage events
[0m11:03:47.749497 [debug] [MainThread]: Sending event: {'category': 'dbt', 'action': 'invocation', 'label': 'start', 'context': [<snowplow_tracker.self_describing_json.SelfDescribingJson object at 0x7ab63e907980>, <snowplow_tracker.self_describing_json.SelfDescribingJson object at 0x7ab63e4e43b0>, <snowplow_tracker.self_describing_json.SelfDescribingJson object at 0x7ab63e907140>]}


============================== 11:03:47.759263 | 1c25b1e6-3e47-47dd-b129-ec21313e83c7 ==============================
[0m11:03:47.759263 [info ] [MainThread]: Running with dbt=1.9.0
[0m11:03:47.762407 [debug] [MainThread]: running dbt with arguments {'printer_width': '80', 'indirect_selection': 'eager', 'log_cache_events': 'False', 'write_json': 'True', 'partial_parse': 'True', 'cache_selected_only': 'False', 'profiles_dir': '/root/.dbt', 'version_check': 'True', 'debug': 'False', 'log_path': 'logs', 'fail_fast': 'False', 'warn_error': 'None', 'use_colors': 'True', 'use_experimental_parser': 'False', 'empty': 'None', 'quiet': 'False', 'no_print': 'None', 'log_format': 'default', 'static_parser': 'True', 'introspect': 'True', 'invocation_command': 'dbt debug', 'target_path': 'None', 'warn_error_options': 'WarnErrorOptions(include=[], exclude=[])', 'send_anonymous_usage_stats': 'True'}
[0m11:03:47.824347 [info ] [MainThread]: dbt version: 1.9.0
[0m11:03:47.825087 [info ] [MainThread]: python version: 3.12.4
[0m11:03:47.825827 [info ] [MainThread]: python path: /usr/local/bin/python
[0m11:03:47.827026 [info ] [MainThread]: os info: Linux-6.6.87.2-microsoft-standard-WSL2-x86_64-with-glibc2.31
[0m11:03:47.828652 [info ] [MainThread]: Using profiles dir at /root/.dbt
[0m11:03:47.829856 [info ] [MainThread]: Using profiles.yml file at /root/.dbt/profiles.yml
[0m11:03:47.830817 [info ] [MainThread]: Using dbt_project.yml file at /usr/app/dbt_project.yml
[0m11:03:47.831563 [info ] [MainThread]: Configuration:
[0m11:03:47.832772 [info ] [MainThread]:   profiles.yml file [[31mERROR not found[0m]
[0m11:03:47.833364 [info ] [MainThread]:   dbt_project.yml file [[31mERROR not found[0m]
[0m11:03:47.834113 [info ] [MainThread]: Required dependencies:
[0m11:03:47.835196 [debug] [MainThread]: Executing "git --help"
[0m11:03:47.840770 [debug] [MainThread]: STDOUT: "b"usage: git [--version] [--help] [-C <path>] [-c <name>=<value>]\n           [--exec-path[=<path>]] [--html-path] [--man-path] [--info-path]\n           [-p | --paginate | -P | --no-pager] [--no-replace-objects] [--bare]\n           [--git-dir=<path>] [--work-tree=<path>] [--namespace=<name>]\n           <command> [<args>]\n\nThese are common Git commands used in various situations:\n\nstart a working area (see also: git help tutorial)\n   clone             Clone a repository into a new directory\n   init              Create an empty Git repository or reinitialize an existing one\n\nwork on the current change (see also: git help everyday)\n   add               Add file contents to the index\n   mv                Move or rename a file, a directory, or a symlink\n   restore           Restore working tree files\n   rm                Remove files from the working tree and from the index\n   sparse-checkout   Initialize and modify the sparse-checkout\n\nexamine the history and state (see also: git help revisions)\n   bisect            Use binary search to find the commit that introduced a bug\n   diff              Show changes between commits, commit and working tree, etc\n   grep              Print lines matching a pattern\n   log               Show commit logs\n   show              Show various types of objects\n   status            Show the working tree status\n\ngrow, mark and tweak your common history\n   branch            List, create, or delete branches\n   commit            Record changes to the repository\n   merge             Join two or more development histories together\n   rebase            Reapply commits on top of another base tip\n   reset             Reset current HEAD to the specified state\n   switch            Switch branches\n   tag               Create, list, delete or verify a tag object signed with GPG\n\ncollaborate (see also: git help workflows)\n   fetch             Download objects and refs from another repository\n   pull              Fetch from and integrate with another repository or a local branch\n   push              Update remote refs along with associated objects\n\n'git help -a' and 'git help -g' list available subcommands and some\nconcept guides. See 'git help <command>' or 'git help <concept>'\nto read about a specific subcommand or concept.\nSee 'git help git' for an overview of the system.\n""
[0m11:03:47.841385 [debug] [MainThread]: STDERR: "b''"
[0m11:03:47.841780 [info ] [MainThread]:  - git [[32mOK found[0m]

[0m11:03:47.842528 [info ] [MainThread]: Connection test skipped since no profile was found
[0m11:03:47.845078 [info ] [MainThread]: [31m2 checks failed:[0m
[0m11:03:47.846757 [info ] [MainThread]: dbt looked for a profiles.yml file in /root/.dbt/profiles.yml, but did
not find one. For more information on configuring your profile, consult the
documentation:

https://docs.getdbt.com/docs/configure-your-profile


[0m11:03:47.848031 [info ] [MainThread]: Project loading failed for the following reason:
 project path </usr/app/dbt_project.yml> not found

[0m11:03:47.850292 [debug] [MainThread]: Resource report: {"command_name": "debug", "command_success": false, "command_wall_clock_time": 0.17771228, "process_in_blocks": "0", "process_kernel_time": 0.463763, "process_mem_max_rss": "87300", "process_out_blocks": "1488", "process_user_time": 2.026965}
[0m11:03:47.851131 [debug] [MainThread]: Command `dbt debug` failed at 11:03:47.850960 after 0.18 seconds
[0m11:03:47.851744 [debug] [MainThread]: Sending event: {'category': 'dbt', 'action': 'invocation', 'label': 'end', 'context': [<snowplow_tracker.self_describing_json.SelfDescribingJson object at 0x7ab63ea05a60>, <snowplow_tracker.self_describing_json.SelfDescribingJson object at 0x7ab63dfee660>, <snowplow_tracker.self_describing_json.SelfDescribingJson object at 0x7ab63e4b6180>]}
[0m11:03:47.852492 [debug] [MainThread]: Flushing usage events
[0m11:03:49.155215 [debug] [MainThread]: An error was encountered while trying to flush usage events
